<?xml version="1.0" encoding="UTF-8"?>
<!-- Generated by org.testng.reporters.JUnitReportReporter -->
<testsuite hostname="inlen8520074238" failures="0" tests="2" name="package2.MyTest" time="0.017" errors="0" timestamp="2025-09-02T11:50:24 IST" skipped="0">
  <testcase classname="package2.MyTest" name="StreamMap" time="0.014"/>
  <testcase classname="package2.MyTest" name="streamCollect" time="0.003"/>
</testsuite> <!-- package2.MyTest -->
